[debug] [2020-12-16T04:47:38.281Z] ----------------------------------------------------------------------
[debug] [2020-12-16T04:47:38.283Z] Command:       /usr/local/Cellar/node/14.5.0/bin/node /usr/local/bin/firebase emulators:start
[debug] [2020-12-16T04:47:38.284Z] CLI Version:   8.16.2
[debug] [2020-12-16T04:47:38.284Z] Platform:      darwin
[debug] [2020-12-16T04:47:38.284Z] Node Version:  v14.5.0
[debug] [2020-12-16T04:47:38.286Z] Time:          Tue Dec 15 2020 20:47:38 GMT-0800 (Pacific Standard Time)
[debug] [2020-12-16T04:47:38.287Z] ----------------------------------------------------------------------
[debug] [2020-12-16T04:47:38.287Z] 
[debug] [2020-12-16T04:47:38.297Z] > command requires scopes: ["email","openid","https://www.googleapis.com/auth/cloudplatformprojects.readonly","https://www.googleapis.com/auth/firebase","https://www.googleapis.com/auth/cloud-platform"]
[debug] [2020-12-16T04:47:38.297Z] > authorizing via signed-in user
[info] i  emulators: Starting emulators: functions, hosting {"metadata":{"emulator":{"name":"hub"},"message":"Starting emulators: functions, hosting"}}
[debug] [2020-12-16T04:47:38.322Z] [hub] writing locator at /var/folders/qj/6frhhmyx7yzgq7dpvbtp1m700000gn/T/hub-online-store-anis.json
[warn] ⚠  functions: The following emulators are not running, calls to these services from the Functions emulator will affect production: auth, firestore, database, pubsub {"metadata":{"emulator":{"name":"functions"},"message":"The following emulators are not running, calls to these services from the Functions emulator will affect production: \u001b[1mauth, firestore, database, pubsub\u001b[22m"}}
[warn] ⚠  Your requested "node" version "12" doesn't match your global version "14" {"metadata":{"emulator":{"name":"functions"},"message":"Your requested \"node\" version \"12\" doesn't match your global version \"14\""}}
[debug] [2020-12-16T04:47:38.360Z] defaultcredentials: writing to file /Users/anis/.config/firebase/anis_mmansour_gmail.com_application_default_credentials.json
[debug] [2020-12-16T04:47:38.363Z] Setting GAC to /Users/anis/.config/firebase/anis_mmansour_gmail.com_application_default_credentials.json {"metadata":{"emulator":{"name":"functions"},"message":"Setting GAC to /Users/anis/.config/firebase/anis_mmansour_gmail.com_application_default_credentials.json"}}
[debug] [2020-12-16T04:47:38.373Z] > refreshing access token with scopes: ["email","https://www.googleapis.com/auth/cloud-platform","https://www.googleapis.com/auth/cloudplatformprojects.readonly","https://www.googleapis.com/auth/firebase","openid"]
[debug] [2020-12-16T04:47:38.373Z] >>> HTTP REQUEST POST https://www.googleapis.com/oauth2/v3/token  
 <request body omitted>
[debug] [2020-12-16T04:47:38.527Z] <<< HTTP RESPONSE 200 {"pragma":"no-cache","date":"Wed, 16 Dec 2020 04:47:38 GMT","expires":"Mon, 01 Jan 1990 00:00:00 GMT","cache-control":"no-cache, no-store, max-age=0, must-revalidate","content-type":"application/json; charset=utf-8","vary":"X-Origin, Referer, Origin,Accept-Encoding","server":"scaffolding on HTTPServer2","x-xss-protection":"0","x-frame-options":"SAMEORIGIN","x-content-type-options":"nosniff","alt-svc":"h3-29=\":443\"; ma=2592000,h3-T051=\":443\"; ma=2592000,h3-Q050=\":443\"; ma=2592000,h3-Q046=\":443\"; ma=2592000,h3-Q043=\":443\"; ma=2592000,quic=\":443\"; ma=2592000; v=\"46,43\"","accept-ranges":"none","transfer-encoding":"chunked"}
[debug] [2020-12-16T04:47:38.556Z] >>> HTTP REQUEST GET https://firebase.googleapis.com/v1beta1/projects/online-store-anis/webApps/-/config  
 
[debug] [2020-12-16T04:47:39.013Z] <<< HTTP RESPONSE 200 {"content-type":"application/json; charset=UTF-8","vary":"X-Origin, Referer, Origin,Accept-Encoding","date":"Wed, 16 Dec 2020 04:47:39 GMT","server":"ESF","cache-control":"private","x-xss-protection":"0","x-frame-options":"SAMEORIGIN","x-content-type-options":"nosniff","alt-svc":"h3-29=\":443\"; ma=2592000,h3-T051=\":443\"; ma=2592000,h3-Q050=\":443\"; ma=2592000,h3-Q046=\":443\"; ma=2592000,h3-Q043=\":443\"; ma=2592000,quic=\":443\"; ma=2592000; v=\"46,43\"","accept-ranges":"none","transfer-encoding":"chunked"}
[info] i  hosting: Serving hosting files from: build {"metadata":{"emulator":{"name":"hosting"},"message":"Serving hosting files from: \u001b[1mbuild\u001b[22m"}}
[info] ✔  hosting: Local server: http://localhost:5000 {"metadata":{"emulator":{"name":"hosting"},"message":"Local server: \u001b[4m\u001b[1mhttp://localhost:5000\u001b[22m\u001b[24m"}}
[info] i  ui: downloading ui-v1.2.2.zip... {"metadata":{"emulator":{"name":"ui"},"message":"downloading ui-v1.2.2.zip..."}}
[debug] [2020-12-16T04:47:39.071Z] >>> [apiv2][query] GET https://storage.googleapis.com/firebase-preview-drop/emulator/ui-v1.2.2.zip [none]
[debug] [2020-12-16T04:47:39.481Z] <<< [apiv2][status] GET https://storage.googleapis.com/firebase-preview-drop/emulator/ui-v1.2.2.zip 200
[debug] [2020-12-16T04:47:39.482Z] <<< [apiv2][body] GET https://storage.googleapis.com/firebase-preview-drop/emulator/ui-v1.2.2.zip [stream]
[debug] [2020-12-16T04:47:39.872Z] Ignoring unsupported arg: auto_download {"metadata":{"emulator":{"name":"ui"},"message":"Ignoring unsupported arg: auto_download"}}
[debug] [2020-12-16T04:47:39.872Z] Ignoring unsupported arg: port {"metadata":{"emulator":{"name":"ui"},"message":"Ignoring unsupported arg: port"}}
[debug] [2020-12-16T04:47:39.872Z] Starting Emulator UI with command {"binary":"node","args":["/Users/anis/.cache/firebase/emulators/ui-v1.2.2/server.bundle.js"],"optionalArgs":[],"joinArgs":false} {"metadata":{"emulator":{"name":"ui"},"message":"Starting Emulator UI with command {\"binary\":\"node\",\"args\":[\"/Users/anis/.cache/firebase/emulators/ui-v1.2.2/server.bundle.js\"],\"optionalArgs\":[],\"joinArgs\":false}"}}
[info] i  ui: Emulator UI logging to ui-debug.log {"metadata":{"emulator":{"name":"ui"},"message":"Emulator UI logging to \u001b[1mui-debug.log\u001b[22m"}}
[debug] [2020-12-16T04:47:39.970Z] Web / API server started at http://localhost:4000
 {"metadata":{"emulator":{"name":"ui"},"message":"Web / API server started at http://localhost:4000\n"}}
[info] i  functions: Watching "/Users/anis/Coding/quarantine_Coding/store/functions" for Cloud Functions... {"metadata":{"emulator":{"name":"functions"},"message":"Watching \"/Users/anis/Coding/quarantine_Coding/store/functions\" for Cloud Functions..."}}
[debug] [2020-12-16T04:47:40.148Z] [worker-pool] addWorker(~diagnostic~) {"metadata":{"emulator":{"name":"functions"},"message":"[worker-pool] addWorker(~diagnostic~)"}}
[debug] [2020-12-16T04:47:40.148Z] [worker-pool] Adding worker with key ~diagnostic~, total=1 {"metadata":{"emulator":{"name":"functions"},"message":"[worker-pool] Adding worker with key ~diagnostic~, total=1"}}
[debug] [2020-12-16T04:47:40.148Z] [worker-pool] submitWork(triggerId=) {"metadata":{"emulator":{"name":"functions"},"message":"[worker-pool] submitWork(triggerId=)"}}
[debug] [2020-12-16T04:47:40.149Z] [worker-~diagnostic~-436500f3-8ed7-4e94-b8ad-47da8a537490]: Assigning socketPath: /var/folders/qj/6frhhmyx7yzgq7dpvbtp1m700000gn/T/fire_emu_4688.sock {"metadata":{"emulator":{"name":"functions"},"message":"[worker-~diagnostic~-436500f3-8ed7-4e94-b8ad-47da8a537490]: Assigning socketPath: /var/folders/qj/6frhhmyx7yzgq7dpvbtp1m700000gn/T/fire_emu_4688.sock"}}
[debug] [2020-12-16T04:47:40.149Z] [worker-~diagnostic~-436500f3-8ed7-4e94-b8ad-47da8a537490]: BUSY {"metadata":{"emulator":{"name":"functions"},"message":"[worker-~diagnostic~-436500f3-8ed7-4e94-b8ad-47da8a537490]: BUSY"}}
[debug] [2020-12-16T04:47:40.430Z] [runtime-status] [4688] Functions runtime initialized. {"cwd":"/Users/anis/Coding/quarantine_Coding/store/functions","node_version":"14.5.0"} {"metadata":{"emulator":{"name":"functions"},"message":"[runtime-status] [4688] Functions runtime initialized. {\"cwd\":\"/Users/anis/Coding/quarantine_Coding/store/functions\",\"node_version\":\"14.5.0\"}"}}
[debug] [2020-12-16T04:47:40.432Z] [runtime-status] [4688] Disabled runtime features: undefined {"metadata":{"emulator":{"name":"functions"},"message":"[runtime-status] [4688] Disabled runtime features: undefined"}}
[debug] [2020-12-16T04:47:40.437Z] [runtime-status] [4688] Resolved module firebase-admin {"declared":true,"installed":true,"version":"9.4.2","resolution":"/Users/anis/Coding/quarantine_Coding/store/functions/node_modules/firebase-admin/lib/index.js"} {"metadata":{"emulator":{"name":"functions"},"message":"[runtime-status] [4688] Resolved module firebase-admin {\"declared\":true,\"installed\":true,\"version\":\"9.4.2\",\"resolution\":\"/Users/anis/Coding/quarantine_Coding/store/functions/node_modules/firebase-admin/lib/index.js\"}"}}
[debug] [2020-12-16T04:47:40.439Z] [runtime-status] [4688] Resolved module firebase-functions {"declared":true,"installed":true,"version":"3.13.0","resolution":"/Users/anis/Coding/quarantine_Coding/store/functions/node_modules/firebase-functions/lib/index.js"} {"metadata":{"emulator":{"name":"functions"},"message":"[runtime-status] [4688] Resolved module firebase-functions {\"declared\":true,\"installed\":true,\"version\":\"3.13.0\",\"resolution\":\"/Users/anis/Coding/quarantine_Coding/store/functions/node_modules/firebase-functions/lib/index.js\"}"}}
[debug] [2020-12-16T04:47:40.441Z] [runtime-status] [4688] Resolved module firebase-functions {"declared":true,"installed":true,"version":"3.13.0","resolution":"/Users/anis/Coding/quarantine_Coding/store/functions/node_modules/firebase-functions/lib/index.js"} {"metadata":{"emulator":{"name":"functions"},"message":"[runtime-status] [4688] Resolved module firebase-functions {\"declared\":true,\"installed\":true,\"version\":\"3.13.0\",\"resolution\":\"/Users/anis/Coding/quarantine_Coding/store/functions/node_modules/firebase-functions/lib/index.js\"}"}}
[debug] [2020-12-16T04:47:40.443Z] [runtime-status] [4688] Outgoing network have been stubbed. [{"name":"http","status":"mocked"},{"name":"http","status":"mocked"},{"name":"https","status":"mocked"},{"name":"https","status":"mocked"},{"name":"net","status":"mocked"}] {"metadata":{"emulator":{"name":"functions"},"message":"[runtime-status] [4688] Outgoing network have been stubbed. [{\"name\":\"http\",\"status\":\"mocked\"},{\"name\":\"http\",\"status\":\"mocked\"},{\"name\":\"https\",\"status\":\"mocked\"},{\"name\":\"https\",\"status\":\"mocked\"},{\"name\":\"net\",\"status\":\"mocked\"}]"}}
[debug] [2020-12-16T04:47:40.443Z] [runtime-status] [4688] Resolved module firebase-functions {"declared":true,"installed":true,"version":"3.13.0","resolution":"/Users/anis/Coding/quarantine_Coding/store/functions/node_modules/firebase-functions/lib/index.js"} {"metadata":{"emulator":{"name":"functions"},"message":"[runtime-status] [4688] Resolved module firebase-functions {\"declared\":true,\"installed\":true,\"version\":\"3.13.0\",\"resolution\":\"/Users/anis/Coding/quarantine_Coding/store/functions/node_modules/firebase-functions/lib/index.js\"}"}}
[debug] [2020-12-16T04:47:40.529Z] [runtime-status] [4688] Checked functions.config() {"config":{}} {"metadata":{"emulator":{"name":"functions"},"message":"[runtime-status] [4688] Checked functions.config() {\"config\":{}}"}}
[debug] [2020-12-16T04:47:40.530Z] [runtime-status] [4688] firebase-functions has been stubbed. {"functionsResolution":{"declared":true,"installed":true,"version":"3.13.0","resolution":"/Users/anis/Coding/quarantine_Coding/store/functions/node_modules/firebase-functions/lib/index.js"}} {"metadata":{"emulator":{"name":"functions"},"message":"[runtime-status] [4688] firebase-functions has been stubbed. {\"functionsResolution\":{\"declared\":true,\"installed\":true,\"version\":\"3.13.0\",\"resolution\":\"/Users/anis/Coding/quarantine_Coding/store/functions/node_modules/firebase-functions/lib/index.js\"}}"}}
[debug] [2020-12-16T04:47:40.530Z] [runtime-status] [4688] Resolved module firebase-functions {"declared":true,"installed":true,"version":"3.13.0","resolution":"/Users/anis/Coding/quarantine_Coding/store/functions/node_modules/firebase-functions/lib/index.js"} {"metadata":{"emulator":{"name":"functions"},"message":"[runtime-status] [4688] Resolved module firebase-functions {\"declared\":true,\"installed\":true,\"version\":\"3.13.0\",\"resolution\":\"/Users/anis/Coding/quarantine_Coding/store/functions/node_modules/firebase-functions/lib/index.js\"}"}}
[debug] [2020-12-16T04:47:40.531Z] [runtime-status] [4688] Resolved module firebase-admin {"declared":true,"installed":true,"version":"9.4.2","resolution":"/Users/anis/Coding/quarantine_Coding/store/functions/node_modules/firebase-admin/lib/index.js"} {"metadata":{"emulator":{"name":"functions"},"message":"[runtime-status] [4688] Resolved module firebase-admin {\"declared\":true,\"installed\":true,\"version\":\"9.4.2\",\"resolution\":\"/Users/anis/Coding/quarantine_Coding/store/functions/node_modules/firebase-admin/lib/index.js\"}"}}
[debug] [2020-12-16T04:47:40.531Z] [runtime-status] [4688] Resolved module firebase-functions {"declared":true,"installed":true,"version":"3.13.0","resolution":"/Users/anis/Coding/quarantine_Coding/store/functions/node_modules/firebase-functions/lib/index.js"} {"metadata":{"emulator":{"name":"functions"},"message":"[runtime-status] [4688] Resolved module firebase-functions {\"declared\":true,\"installed\":true,\"version\":\"3.13.0\",\"resolution\":\"/Users/anis/Coding/quarantine_Coding/store/functions/node_modules/firebase-functions/lib/index.js\"}"}}
[debug] [2020-12-16T04:47:40.531Z] [runtime-status] [4688] firebase-admin has been stubbed. {"adminResolution":{"declared":true,"installed":true,"version":"9.4.2","resolution":"/Users/anis/Coding/quarantine_Coding/store/functions/node_modules/firebase-admin/lib/index.js"}} {"metadata":{"emulator":{"name":"functions"},"message":"[runtime-status] [4688] firebase-admin has been stubbed. {\"adminResolution\":{\"declared\":true,\"installed\":true,\"version\":\"9.4.2\",\"resolution\":\"/Users/anis/Coding/quarantine_Coding/store/functions/node_modules/firebase-admin/lib/index.js\"}}"}}
[info] ✔  functions[api]: http function initialized (http://localhost:5001/online-store-anis/us-central1/api). {"metadata":{"emulator":{"name":"functions"},"message":"\u001b[1mhttp\u001b[22m function initialized (http://localhost:5001/online-store-anis/us-central1/api)."}}
[info] 
┌────────────────────────────────────────────────────────────────┐
│ ✔  All emulators ready! View status and logs at localhost:4000 │
└────────────────────────────────────────────────────────────────┘

┌───────────┬────────────────┬──────────────────────────┐
│ Emulator  │ Host:Port      │ View in Emulator UI      │
├───────────┼────────────────┼──────────────────────────┤
│ Functions │ localhost:5001 │ localhost:4000/functions │
├───────────┼────────────────┼──────────────────────────┤
│ Hosting   │ localhost:5000 │ n/a                      │
└───────────┴────────────────┴──────────────────────────┘
  Other reserved ports: 4400, 4500

Issues? Report them at https://github.com/firebase/firebase-tools/issues and attach the *-debug.log files.
 
[debug] [2020-12-16T04:47:40.767Z] [worker-~diagnostic~-436500f3-8ed7-4e94-b8ad-47da8a537490]: IDLE {"metadata":{"emulator":{"name":"functions"},"message":"[worker-~diagnostic~-436500f3-8ed7-4e94-b8ad-47da8a537490]: IDLE"}}
[debug] [2020-12-16T04:49:31.879Z] [work-queue] {"queueLength":1,"workRunningCount":0}
[debug] [2020-12-16T04:49:31.879Z] [work-queue] {"queueLength":0,"workRunningCount":1}
[debug] [2020-12-16T04:49:31.880Z] Accepted request GET /online-store-anis/us-central1/api --> api
[debug] [2020-12-16T04:49:31.885Z] [worker-pool] addWorker(api) {"metadata":{"emulator":{"name":"functions"},"message":"[worker-pool] addWorker(api)"}}
[debug] [2020-12-16T04:49:31.885Z] [worker-pool] Adding worker with key api, total=1 {"metadata":{"emulator":{"name":"functions"},"message":"[worker-pool] Adding worker with key api, total=1"}}
[debug] [2020-12-16T04:49:31.886Z] [worker-pool] submitWork(triggerId=api) {"metadata":{"emulator":{"name":"functions"},"message":"[worker-pool] submitWork(triggerId=api)"}}
[debug] [2020-12-16T04:49:31.886Z] [worker-api-70947264-cd54-4b5a-9124-477b02f79794]: Assigning socketPath: /var/folders/qj/6frhhmyx7yzgq7dpvbtp1m700000gn/T/fire_emu_4713.sock {"metadata":{"emulator":{"name":"functions"},"message":"[worker-api-70947264-cd54-4b5a-9124-477b02f79794]: Assigning socketPath: /var/folders/qj/6frhhmyx7yzgq7dpvbtp1m700000gn/T/fire_emu_4713.sock"}}
[debug] [2020-12-16T04:49:31.886Z] [worker-api-70947264-cd54-4b5a-9124-477b02f79794]: BUSY {"metadata":{"emulator":{"name":"functions"},"message":"[worker-api-70947264-cd54-4b5a-9124-477b02f79794]: BUSY"}}
[debug] [2020-12-16T04:49:32.502Z] [runtime-status] [4713] Functions runtime initialized. {"cwd":"/Users/anis/Coding/quarantine_Coding/store/functions","node_version":"14.5.0"} {"metadata":{"emulator":{"name":"functions"},"function":{"name":"api"},"message":"[runtime-status] [4713] Functions runtime initialized. {\"cwd\":\"/Users/anis/Coding/quarantine_Coding/store/functions\",\"node_version\":\"14.5.0\"}"}}
[debug] [2020-12-16T04:49:32.505Z] [runtime-status] [4713] Disabled runtime features: undefined {"metadata":{"emulator":{"name":"functions"},"function":{"name":"api"},"message":"[runtime-status] [4713] Disabled runtime features: undefined"}}
[debug] [2020-12-16T04:49:32.508Z] [runtime-status] [4713] Resolved module firebase-admin {"declared":true,"installed":true,"version":"9.4.2","resolution":"/Users/anis/Coding/quarantine_Coding/store/functions/node_modules/firebase-admin/lib/index.js"} {"metadata":{"emulator":{"name":"functions"},"function":{"name":"api"},"message":"[runtime-status] [4713] Resolved module firebase-admin {\"declared\":true,\"installed\":true,\"version\":\"9.4.2\",\"resolution\":\"/Users/anis/Coding/quarantine_Coding/store/functions/node_modules/firebase-admin/lib/index.js\"}"}}
[debug] [2020-12-16T04:49:32.510Z] [runtime-status] [4713] Resolved module firebase-functions {"declared":true,"installed":true,"version":"3.13.0","resolution":"/Users/anis/Coding/quarantine_Coding/store/functions/node_modules/firebase-functions/lib/index.js"} {"metadata":{"emulator":{"name":"functions"},"function":{"name":"api"},"message":"[runtime-status] [4713] Resolved module firebase-functions {\"declared\":true,\"installed\":true,\"version\":\"3.13.0\",\"resolution\":\"/Users/anis/Coding/quarantine_Coding/store/functions/node_modules/firebase-functions/lib/index.js\"}"}}
[debug] [2020-12-16T04:49:32.512Z] [runtime-status] [4713] Resolved module firebase-functions {"declared":true,"installed":true,"version":"3.13.0","resolution":"/Users/anis/Coding/quarantine_Coding/store/functions/node_modules/firebase-functions/lib/index.js"} {"metadata":{"emulator":{"name":"functions"},"function":{"name":"api"},"message":"[runtime-status] [4713] Resolved module firebase-functions {\"declared\":true,\"installed\":true,\"version\":\"3.13.0\",\"resolution\":\"/Users/anis/Coding/quarantine_Coding/store/functions/node_modules/firebase-functions/lib/index.js\"}"}}
[debug] [2020-12-16T04:49:32.513Z] [runtime-status] [4713] Outgoing network have been stubbed. [{"name":"http","status":"mocked"},{"name":"http","status":"mocked"},{"name":"https","status":"mocked"},{"name":"https","status":"mocked"},{"name":"net","status":"mocked"}] {"metadata":{"emulator":{"name":"functions"},"function":{"name":"api"},"message":"[runtime-status] [4713] Outgoing network have been stubbed. [{\"name\":\"http\",\"status\":\"mocked\"},{\"name\":\"http\",\"status\":\"mocked\"},{\"name\":\"https\",\"status\":\"mocked\"},{\"name\":\"https\",\"status\":\"mocked\"},{\"name\":\"net\",\"status\":\"mocked\"}]"}}
[debug] [2020-12-16T04:49:32.514Z] [runtime-status] [4713] Resolved module firebase-functions {"declared":true,"installed":true,"version":"3.13.0","resolution":"/Users/anis/Coding/quarantine_Coding/store/functions/node_modules/firebase-functions/lib/index.js"} {"metadata":{"emulator":{"name":"functions"},"function":{"name":"api"},"message":"[runtime-status] [4713] Resolved module firebase-functions {\"declared\":true,\"installed\":true,\"version\":\"3.13.0\",\"resolution\":\"/Users/anis/Coding/quarantine_Coding/store/functions/node_modules/firebase-functions/lib/index.js\"}"}}
[debug] [2020-12-16T04:49:32.568Z] [runtime-status] [4713] Checked functions.config() {"config":{}} {"metadata":{"emulator":{"name":"functions"},"function":{"name":"api"},"message":"[runtime-status] [4713] Checked functions.config() {\"config\":{}}"}}
[debug] [2020-12-16T04:49:32.569Z] [runtime-status] [4713] firebase-functions has been stubbed. {"functionsResolution":{"declared":true,"installed":true,"version":"3.13.0","resolution":"/Users/anis/Coding/quarantine_Coding/store/functions/node_modules/firebase-functions/lib/index.js"}} {"metadata":{"emulator":{"name":"functions"},"function":{"name":"api"},"message":"[runtime-status] [4713] firebase-functions has been stubbed. {\"functionsResolution\":{\"declared\":true,\"installed\":true,\"version\":\"3.13.0\",\"resolution\":\"/Users/anis/Coding/quarantine_Coding/store/functions/node_modules/firebase-functions/lib/index.js\"}}"}}
[debug] [2020-12-16T04:49:32.569Z] [runtime-status] [4713] Resolved module firebase-functions {"declared":true,"installed":true,"version":"3.13.0","resolution":"/Users/anis/Coding/quarantine_Coding/store/functions/node_modules/firebase-functions/lib/index.js"} {"metadata":{"emulator":{"name":"functions"},"function":{"name":"api"},"message":"[runtime-status] [4713] Resolved module firebase-functions {\"declared\":true,\"installed\":true,\"version\":\"3.13.0\",\"resolution\":\"/Users/anis/Coding/quarantine_Coding/store/functions/node_modules/firebase-functions/lib/index.js\"}"}}
[debug] [2020-12-16T04:49:32.570Z] [runtime-status] [4713] Resolved module firebase-admin {"declared":true,"installed":true,"version":"9.4.2","resolution":"/Users/anis/Coding/quarantine_Coding/store/functions/node_modules/firebase-admin/lib/index.js"} {"metadata":{"emulator":{"name":"functions"},"function":{"name":"api"},"message":"[runtime-status] [4713] Resolved module firebase-admin {\"declared\":true,\"installed\":true,\"version\":\"9.4.2\",\"resolution\":\"/Users/anis/Coding/quarantine_Coding/store/functions/node_modules/firebase-admin/lib/index.js\"}"}}
[debug] [2020-12-16T04:49:32.570Z] [runtime-status] [4713] Resolved module firebase-functions {"declared":true,"installed":true,"version":"3.13.0","resolution":"/Users/anis/Coding/quarantine_Coding/store/functions/node_modules/firebase-functions/lib/index.js"} {"metadata":{"emulator":{"name":"functions"},"function":{"name":"api"},"message":"[runtime-status] [4713] Resolved module firebase-functions {\"declared\":true,\"installed\":true,\"version\":\"3.13.0\",\"resolution\":\"/Users/anis/Coding/quarantine_Coding/store/functions/node_modules/firebase-functions/lib/index.js\"}"}}
[debug] [2020-12-16T04:49:32.570Z] [runtime-status] [4713] firebase-admin has been stubbed. {"adminResolution":{"declared":true,"installed":true,"version":"9.4.2","resolution":"/Users/anis/Coding/quarantine_Coding/store/functions/node_modules/firebase-admin/lib/index.js"}} {"metadata":{"emulator":{"name":"functions"},"function":{"name":"api"},"message":"[runtime-status] [4713] firebase-admin has been stubbed. {\"adminResolution\":{\"declared\":true,\"installed\":true,\"version\":\"9.4.2\",\"resolution\":\"/Users/anis/Coding/quarantine_Coding/store/functions/node_modules/firebase-admin/lib/index.js\"}}"}}
[debug] [2020-12-16T04:49:32.741Z] [runtime-status] [4713] Trigger "api" has been found, beginning invocation! {"metadata":{"emulator":{"name":"functions"},"function":{"name":"api"},"message":"[runtime-status] [4713] Trigger \"api\" has been found, beginning invocation!"}}
[info] i  functions: Beginning execution of "api" {"metadata":{"emulator":{"name":"functions"},"function":{"name":"api"},"message":"Beginning execution of \"api\""}}
[debug] [2020-12-16T04:49:32.742Z] [runtime-status] [4713] triggerDefinition {"httpsTrigger":{},"name":"api","entryPoint":"api"} {"metadata":{"emulator":{"name":"functions"},"function":{"name":"api"},"message":"[runtime-status] [4713] triggerDefinition {\"httpsTrigger\":{},\"name\":\"api\",\"entryPoint\":\"api\"}"}}
[debug] [2020-12-16T04:49:32.742Z] [runtime-status] [4713] Running api in mode HTTPS {"metadata":{"emulator":{"name":"functions"},"function":{"name":"api"},"message":"[runtime-status] [4713] Running api in mode HTTPS"}}
[debug] [2020-12-16T04:49:32.748Z] [runtime-status] [4713] Attempting to listen to socketPath: /var/folders/qj/6frhhmyx7yzgq7dpvbtp1m700000gn/T/fire_emu_4713.sock {"metadata":{"emulator":{"name":"functions"},"function":{"name":"api"},"message":"[runtime-status] [4713] Attempting to listen to socketPath: /var/folders/qj/6frhhmyx7yzgq7dpvbtp1m700000gn/T/fire_emu_4713.sock"}}
[debug] [2020-12-16T04:49:32.752Z] [functions] Runtime ready! Sending request! {"metadata":{"emulator":{"name":"functions"},"message":"[functions] Runtime ready! Sending request!"}}
[debug] [2020-12-16T04:49:32.766Z] [runtime-status] [4713] Ephemeral server handling GET request {"metadata":{"emulator":{"name":"functions"},"function":{"name":"api"},"message":"[runtime-status] [4713] Ephemeral server handling GET request"}}
[debug] [2020-12-16T04:49:32.774Z] [runtime-status] [4713] Ephemeral server survived. {"metadata":{"emulator":{"name":"functions"},"function":{"name":"api"},"message":"[runtime-status] [4713] Ephemeral server survived."}}
[info] i  functions: Finished "api" in ~1s {"metadata":{"emulator":{"name":"functions"},"function":{"name":"api"},"message":"Finished \"api\" in ~1s"}}
[debug] [2020-12-16T04:49:32.779Z] [worker-api-70947264-cd54-4b5a-9124-477b02f79794]: IDLE {"metadata":{"emulator":{"name":"functions"},"message":"[worker-api-70947264-cd54-4b5a-9124-477b02f79794]: IDLE"}}
[debug] [2020-12-16T04:49:32.779Z] [work-queue] {"queueLength":0,"workRunningCount":0}
[debug] [2020-12-16T04:49:32.927Z] Functions emulator received unknown request at path /favicon.ico
